-------------------------------------------------------------------------------
Test set: FrontEndTest
-------------------------------------------------------------------------------
Tests run: 19, Failures: 1, Errors: 0, Skipped: 0, Time elapsed: 0.378 s <<< FAILURE! - in FrontEndTest
R5T1(FrontEndTest)  Time elapsed: 0.02 s  <<< FAILURE!
java.lang.AssertionError
	at FrontEndTest.R5T1(FrontEndTest.java:226)

