<?xml version="1.0" encoding="UTF-8"?>
<testsuite xmlns:xsi="http://www.w3.org/2001/XMLSchema-instance" xsi:noNamespaceSchemaLocation="https://maven.apache.org/surefire/maven-surefire-plugin/xsd/surefire-test-report-3.0.xsd" version="3.0" name="FrontEndTest" time="0.378" tests="19" errors="0" skipped="0" failures="1">
  <properties>
[...]
</properties>
  <testcase name="R1T1" classname="FrontEndTest" time="0.016"/>
  <testcase name="R1T2" classname="FrontEndTest" time="0.007"/>
  <testcase name="R1T3" classname="FrontEndTest" time="0.01"/>
  <testcase name="R1T4" classname="FrontEndTest" time="0.007"/>
  <testcase name="R1T5" classname="FrontEndTest" time="0.026"/>
  <testcase name="R1T6" classname="FrontEndTest" time="0.013"/>
  <testcase name="R1T7" classname="FrontEndTest" time="0.009"/>
  <testcase name="R1T8" classname="FrontEndTest" time="0.011"/>
  <testcase name="R2T1" classname="FrontEndTest" time="0.007"/>
  <testcase name="R2T2" classname="FrontEndTest" time="0.007"/>
  <testcase name="R2T3" classname="FrontEndTest" time="0.009"/>
  <testcase name="R3T1" classname="FrontEndTest" time="0.014"/>
  <testcase name="R3T2" classname="FrontEndTest" time="0.014"/>
  <testcase name="R3T3" classname="FrontEndTest" time="0.006"/>
  <testcase name="R3T4" classname="FrontEndTest" time="0.007"/>
  <testcase name="R3T5" classname="FrontEndTest" time="0.014"/>
  <testcase name="R3T6" classname="FrontEndTest" time="0.011"/>
  <testcase name="R4T1" classname="FrontEndTest" time="0.012"/>
  <testcase name="R5T1" classname="FrontEndTest" time="0.02">
    <failure type="java.lang.AssertionError">java.lang.AssertionError
	at FrontEndTest.R5T1(FrontEndTest.java:226)
</failure>
  </testcase>
</testsuite>